<?xml version="1.0" encoding="UTF-8"?>
<!-- Generated by org.testng.reporters.JUnitReportReporter -->
<testsuite hostname="Pratik" failures="0" tests="1" name="Runner.TestRunner" time="6.616" errors="1" timestamp="04 Mar 2024 13:34:28 GMT" skipped="0">
  <testcase classname="Runner.TestRunner" name="runScenario" time="6.616">
    <error message="Cannot invoke &quot;PageObject.SearchForFlightPageObject.enterway()&quot; because &quot;this.s&quot; is null" type="java.lang.NullPointerException">
      <![CDATA[java.lang.NullPointerException: Cannot invoke "PageObject.SearchForFlightPageObject.enterway()" because "this.s" is null
at StepDefinations.SearchForFlight.i_choose_one_way(SearchForFlight.java:28)
at ✽.I choose one way(file:///C:/Users/Prati/eclipse-workspace/GoibiboBDDFramework/src/test/java/Feature/MyHoliday.feature:5)
]]>
    </error>
  </testcase> <!-- runScenario -->
</testsuite> <!-- Runner.TestRunner -->
