<?xml version="1.0" encoding="UTF-8"?>
<testng-results ignored="0" total="1" passed="1" failed="0" skipped="0">
  <reporter-output>
  </reporter-output>
  <suite started-at="2021-11-11T02:07:03Z" name="Suite" finished-at="2021-11-11T02:07:20Z" duration-ms="16588">
    <groups>
      <group name="cucumber">
        <method signature="AbstractTestNGCucumberTests.runScenario(io.cucumber.testng.PickleWrapper, io.cucumber.testng.FeatureWrapper)[pri:0, instance:Runner.TestRunner@1fa1cab1]" name="runScenario" class="io.cucumber.testng.AbstractTestNGCucumberTests"/>
      </group> <!-- cucumber -->
    </groups>
    <test started-at="2021-11-11T02:07:03Z" name="Test" finished-at="2021-11-11T02:07:20Z" duration-ms="16588">
      <class name="Runner.TestRunner">
        <test-method is-config="true" signature="setUpClass()[pri:0, instance:Runner.TestRunner@1fa1cab1]" started-at="2021-11-11T02:07:03Z" name="setUpClass" finished-at="2021-11-11T02:07:04Z" duration-ms="573" status="PASS">
          <reporter-output>
          </reporter-output>
        </test-method> <!-- setUpClass -->
        <test-method signature="runScenario(io.cucumber.testng.PickleWrapper, io.cucumber.testng.FeatureWrapper)[pri:0, instance:Runner.TestRunner@1fa1cab1]" started-at="2021-11-11T02:07:04Z" name="runScenario" description="Runs Cucumber Scenarios" data-provider="scenarios" finished-at="2021-11-11T02:07:20Z" duration-ms="15840" status="PASS">
          <params>
            <param index="0">
              <value>
                <![CDATA["One-Way Ticket Search"]]>
              </value>
            </param>
            <param index="1">
              <value>
                <![CDATA["Optional[Book flight ticket]"]]>
              </value>
            </param>
          </params>
          <reporter-output>
          </reporter-output>
        </test-method> <!-- runScenario -->
        <test-method is-config="true" signature="tearDownClass()[pri:0, instance:Runner.TestRunner@1fa1cab1]" started-at="2021-11-11T02:07:20Z" name="tearDownClass" finished-at="2021-11-11T02:07:20Z" duration-ms="153" status="PASS">
          <reporter-output>
          </reporter-output>
        </test-method> <!-- tearDownClass -->
      </class> <!-- Runner.TestRunner -->
    </test> <!-- Test -->
  </suite> <!-- Suite -->
</testng-results>
