<?xml version="1.0" encoding="UTF-8"?>
<testng-results ignored="0" total="1" passed="0" failed="1" skipped="0">
  <reporter-output>
  </reporter-output>
  <suite started-at="2024-03-04T13:34:21Z" name="Suite" finished-at="2024-03-04T13:34:28Z" duration-ms="7419">
    <groups>
      <group name="cucumber">
        <method signature="AbstractTestNGCucumberTests.runScenario(io.cucumber.testng.PickleWrapper, io.cucumber.testng.FeatureWrapper)[pri:0, instance:Runner.TestRunner@42bc14c1]" name="runScenario" class="io.cucumber.testng.AbstractTestNGCucumberTests"/>
      </group> <!-- cucumber -->
    </groups>
    <test started-at="2024-03-04T13:34:21Z" name="Test" finished-at="2024-03-04T13:34:28Z" duration-ms="7419">
      <class name="Runner.TestRunner">
        <test-method is-config="true" signature="setUpClass()[pri:0, instance:Runner.TestRunner@42bc14c1]" started-at="2024-03-04T13:34:21Z" name="setUpClass" finished-at="2024-03-04T13:34:21Z" duration-ms="615" status="PASS">
          <reporter-output>
          </reporter-output>
        </test-method> <!-- setUpClass -->
        <test-method signature="runScenario(io.cucumber.testng.PickleWrapper, io.cucumber.testng.FeatureWrapper)[pri:0, instance:Runner.TestRunner@42bc14c1]" started-at="2024-03-04T13:34:21Z" name="runScenario" description="Runs Cucumber Scenarios" data-provider="scenarios" finished-at="2024-03-04T13:34:28Z" duration-ms="6616" status="FAIL">
          <params>
            <param index="0">
              <value>
                <![CDATA["One-Way Ticket Search"]]>
              </value>
            </param>
            <param index="1">
              <value>
                <![CDATA["Optional[Book flight ticket]"]]>
              </value>
            </param>
          </params>
          <exception class="java.lang.NullPointerException">
            <message>
              <![CDATA[Cannot invoke "PageObject.SearchForFlightPageObject.enterway()" because "this.s" is null]]>
            </message>
            <full-stacktrace>
              <![CDATA[java.lang.NullPointerException: Cannot invoke "PageObject.SearchForFlightPageObject.enterway()" because "this.s" is null
at StepDefinations.SearchForFlight.i_choose_one_way(SearchForFlight.java:28)
at ✽.I choose one way(file:///C:/Users/Prati/eclipse-workspace/GoibiboBDDFramework/src/test/java/Feature/MyHoliday.feature:5)
]]>
            </full-stacktrace>
          </exception> <!-- java.lang.NullPointerException -->
          <reporter-output>
          </reporter-output>
        </test-method> <!-- runScenario -->
        <test-method is-config="true" signature="tearDownClass()[pri:0, instance:Runner.TestRunner@42bc14c1]" started-at="2024-03-04T13:34:28Z" name="tearDownClass" finished-at="2024-03-04T13:34:28Z" duration-ms="161" status="PASS">
          <reporter-output>
          </reporter-output>
        </test-method> <!-- tearDownClass -->
      </class> <!-- Runner.TestRunner -->
    </test> <!-- Test -->
  </suite> <!-- Suite -->
</testng-results>
