<?xml version="1.0" encoding="UTF-8"?>
<!-- Generated by org.testng.reporters.JUnitXMLReporter -->
<testsuite ignored="0" hostname="Pratik" failures="1" tests="1" name="Test" time="7.419" errors="0" timestamp="04 Mar 2024 13:34:28 GMT">
  <testcase classname="io.cucumber.testng.AbstractTestNGCucumberTests" name="runScenario" time="6.616">
    <failure type="java.lang.NullPointerException" message="Cannot invoke &amp;quot;PageObject.SearchForFlightPageObject.enterway()&amp;quot; because &amp;quot;this.s&amp;quot; is null">
      <![CDATA[java.lang.NullPointerException: Cannot invoke "PageObject.SearchForFlightPageObject.enterway()" because "this.s" is null
at StepDefinations.SearchForFlight.i_choose_one_way(SearchForFlight.java:28)
at ✽.I choose one way(file:///C:/Users/Prati/eclipse-workspace/GoibiboBDDFramework/src/test/java/Feature/MyHoliday.feature:5)
]]>
    </failure>
  </testcase> <!-- runScenario -->
</testsuite> <!-- Test -->
